<?xml version="1.0" encoding="UTF-8"?>
<testng-results skipped="0" failed="0" ignored="0" total="1" passed="1">
  <reporter-output>
  </reporter-output>
  <suite name="Default suite" duration-ms="54510" started-at="2019-05-14T15:52:34Z" finished-at="2019-05-14T15:53:29Z">
    <groups>
    </groups>
    <test name="Default test" duration-ms="54510" started-at="2019-05-14T15:52:34Z" finished-at="2019-05-14T15:53:29Z">
      <class name="Extent.Googlebrokenlink">
        <test-method status="PASS" signature="main()[pri:0, instance:Extent.Googlebrokenlink@7b49cea0]" name="main" duration-ms="54440" started-at="2019-05-14T15:52:34Z" finished-at="2019-05-14T15:53:29Z">
          <reporter-output>
          </reporter-output>
        </test-method> <!-- main -->
      </class> <!-- Extent.Googlebrokenlink -->
    </test> <!-- Default test -->
  </suite> <!-- Default suite -->
</testng-results>
